f:\pushstream\pushstream\x64\debug\vc143.pdb
f:\pushstream\pushstream\x64\debug\getopt.obj
f:\pushstream\pushstream\x64\debug\rtpconnection.obj
f:\pushstream\pushstream\x64\debug\rtsppusher.obj
f:\pushstream\pushstream\x64\debug\bufferwriter.obj
f:\pushstream\pushstream\x64\debug\amf.obj
f:\pushstream\pushstream\x64\debug\bufferreader.obj
f:\pushstream\pushstream\x64\debug\cencodehelp.obj
f:\pushstream\pushstream\x64\debug\qtdrawframebuffer.obj
f:\pushstream\pushstream\x64\debug\noticecenter.obj
f:\pushstream\pushstream\x64\debug\qtaudiofilterdlg.obj
f:\pushstream\pushstream\x64\debug\cvideoencoder.obj
f:\pushstream\pushstream\x64\debug\calcgldraw.obj
f:\pushstream\pushstream\x64\debug\pipe.obj
f:\pushstream\pushstream\x64\debug\strptime_win.obj
f:\pushstream\pushstream\x64\debug\util.obj
f:\pushstream\pushstream\x64\debug\rendercamerawidget.obj
f:\pushstream\pushstream\x64\debug\cmediaoption.obj
f:\pushstream\pushstream\x64\debug\videomixer.obj
f:\pushstream\pushstream\x64\debug\server.obj
f:\pushstream\pushstream\x64\debug\workthreadpool.obj
f:\pushstream\pushstream\x64\debug\h264encoder.obj
f:\pushstream\pushstream\x64\debug\qtscrollwidget.obj
f:\pushstream\pushstream\x64\debug\slider-ignorewheel.obj
f:\pushstream\pushstream\x64\debug\platform.obj
f:\pushstream\pushstream\x64\debug\filterbase.obj
f:\pushstream\pushstream\x64\debug\compare.obj
f:\pushstream\pushstream\x64\debug\compare_common.obj
f:\pushstream\pushstream\x64\debug\compare_gcc.obj
f:\pushstream\pushstream\x64\debug\compare_neon.obj
f:\pushstream\pushstream\x64\debug\compare_neon64.obj
f:\pushstream\pushstream\x64\debug\compare_win.obj
f:\pushstream\pushstream\x64\debug\convert.obj
f:\pushstream\pushstream\x64\debug\convert_from.obj
f:\pushstream\pushstream\x64\debug\convert_jpeg.obj
f:\pushstream\pushstream\x64\debug\convert_to_i420.obj
f:\pushstream\pushstream\x64\debug\cpu_id.obj
f:\pushstream\pushstream\x64\debug\scale.obj
f:\pushstream\pushstream\x64\debug\gldrawtext.obj
f:\pushstream\pushstream\x64\debug\pipewrap.obj
f:\pushstream\pushstream\x64\debug\md5.obj
f:\pushstream\pushstream\x64\debug\aacencoder.obj
f:\pushstream\pushstream\x64\debug\resizeglwidget.obj
f:\pushstream\pushstream\x64\debug\caudioframecast.obj
f:\pushstream\pushstream\x64\debug\rotate_argb.obj
f:\pushstream\pushstream\x64\debug\row_common.obj
f:\pushstream\pushstream\x64\debug\scale_gcc.obj
f:\pushstream\pushstream\x64\debug\video_common.obj
f:\pushstream\pushstream\x64\debug\camera.obj
f:\pushstream\pushstream\x64\debug\cmd.obj
f:\pushstream\pushstream\x64\debug\qtaddsourcewidget.obj
f:\pushstream\pushstream\x64\debug\caudioencoder.obj
f:\pushstream\pushstream\x64\debug\scale_neon.obj
f:\pushstream\pushstream\x64\debug\rnnoisehelp.obj
f:\pushstream\pushstream\x64\debug\buffer.obj
f:\pushstream\pushstream\x64\debug\eventpoller.obj
f:\pushstream\pushstream\x64\debug\amixwidget.obj
f:\pushstream\pushstream\x64\debug\rnnoisedenoise.obj
f:\pushstream\pushstream\x64\debug\audiopeakmagnitudecalc.obj
f:\pushstream\pushstream\x64\debug\audiomixer.obj
f:\pushstream\pushstream\x64\debug\g711asource.obj
f:\pushstream\pushstream\x64\debug\sockutil.obj
f:\pushstream\pushstream\x64\debug\file.obj
f:\pushstream\pushstream\x64\debug\dragresizewgt.obj
f:\pushstream\pushstream\x64\debug\some_util_fun.obj
f:\pushstream\pushstream\x64\debug\cencode.obj
f:\pushstream\pushstream\x64\debug\aacsource.obj
f:\pushstream\pushstream\x64\debug\h264source.obj
f:\pushstream\pushstream\x64\debug\udpserver.obj
f:\pushstream\pushstream\x64\debug\aacencoderpushstream.obj
f:\pushstream\pushstream\x64\debug\h264encoderpushstream.obj
f:\pushstream\pushstream\x64\debug\qtsettingdlg.obj
f:\pushstream\pushstream\x64\debug\obs-audio-controls.obj
f:\pushstream\pushstream\x64\debug\utilencoder.obj
f:\pushstream\pushstream\x64\debug\mixerbase.obj
f:\pushstream\pushstream\x64\debug\digestauthentication.obj
f:\pushstream\pushstream\x64\debug\rtspmessage.obj
f:\pushstream\pushstream\x64\debug\timestamp.obj
f:\pushstream\pushstream\x64\debug\tcpclient.obj
f:\pushstream\pushstream\x64\debug\mini.obj
f:\pushstream\pushstream\x64\debug\pictoyuv.obj
f:\pushstream\pushstream\x64\debug\slider-absoluteset-style.obj
f:\pushstream\pushstream\x64\debug\cencoderopt.obj
f:\pushstream\pushstream\x64\debug\videofilter.obj
f:\pushstream\pushstream\x64\debug\convert_argb.obj
f:\pushstream\pushstream\x64\debug\convert_from_argb.obj
f:\pushstream\pushstream\x64\debug\convert_to_argb.obj
f:\pushstream\pushstream\x64\debug\mjpeg_decoder.obj
f:\pushstream\pushstream\x64\debug\mjpeg_validate.obj
f:\pushstream\pushstream\x64\debug\rotate_mips.obj
f:\pushstream\pushstream\x64\debug\rotate_neon64.obj
f:\pushstream\pushstream\x64\debug\row_neon64.obj
f:\pushstream\pushstream\x64\debug\scale_common.obj
f:\pushstream\pushstream\x64\debug\openimg.obj
f:\pushstream\pushstream\x64\debug\selectwrap.obj
f:\pushstream\pushstream\x64\debug\local_time.obj
f:\pushstream\pushstream\x64\debug\logger.obj
f:\pushstream\pushstream\x64\debug\qtbasetitlewidget.obj
f:\pushstream\pushstream\x64\debug\caudioframecastts.obj
f:\pushstream\pushstream\x64\debug\rotate.obj
f:\pushstream\pushstream\x64\debug\row_mips.obj
f:\pushstream\pushstream\x64\debug\scale_any.obj
f:\pushstream\pushstream\x64\debug\scale_mips.obj
f:\pushstream\pushstream\x64\debug\qtresizedrawframebuffer.obj
f:\pushstream\pushstream\x64\debug\qttextdlg.obj
f:\pushstream\pushstream\x64\debug\cselcodec.obj
f:\pushstream\pushstream\x64\debug\filter.obj
f:\pushstream\pushstream\x64\debug\dummy.obj
f:\pushstream\pushstream\x64\debug\socket.obj
f:\pushstream\pushstream\x64\debug\sqlpool.obj
f:\pushstream\pushstream\x64\debug\sslbox.obj
f:\pushstream\pushstream\x64\debug\qtbasetitlemovewidget.obj
f:\pushstream\pushstream\x64\debug\videoframefilter.obj
f:\pushstream\pushstream\x64\debug\cfileencoder.obj
f:\pushstream\pushstream\x64\debug\windowhelper.obj
f:\pushstream\pushstream\x64\debug\tcpserver.obj
f:\pushstream\pushstream\x64\debug\sslutil.obj
f:\pushstream\pushstream\x64\debug\qtglvideowidget.obj
f:\pushstream\pushstream\x64\debug\volume-control.obj
f:\pushstream\pushstream\x64\debug\gentextimage.obj
f:\pushstream\pushstream\x64\debug\h264parser.obj
f:\pushstream\pushstream\x64\debug\h265source.obj
f:\pushstream\pushstream\x64\debug\timer1.obj
f:\pushstream\pushstream\x64\debug\session.obj
f:\pushstream\pushstream\x64\debug\base64.obj
f:\pushstream\pushstream\x64\debug\sha1.obj
f:\pushstream\pushstream\x64\debug\avhwdevicebuffer.obj
f:\pushstream\pushstream\x64\debug\buttonsets.obj
f:\pushstream\pushstream\x64\debug\selcamwidget.obj
f:\pushstream\pushstream\x64\debug\encodebase.obj
f:\pushstream\pushstream\x64\debug\rotate_neon.obj
f:\pushstream\pushstream\x64\debug\row_any.obj
f:\pushstream\pushstream\x64\debug\row_neon.obj
f:\pushstream\pushstream\x64\debug\scale_argb.obj
f:\pushstream\pushstream\x64\debug\scale_win.obj
f:\pushstream\pushstream\x64\debug\speexdenoise.obj
f:\pushstream\pushstream\x64\debug\gldrawcamera.obj
f:\pushstream\pushstream\x64\debug\taskexecutor.obj
f:\pushstream\pushstream\x64\debug\imageconvert.obj
f:\pushstream\pushstream\x64\debug\qtaudioseldlg.obj
f:\pushstream\pushstream\x64\debug\utilfun.obj
f:\pushstream\pushstream\x64\debug\planar_functions.obj
f:\pushstream\pushstream\x64\debug\row_gcc.obj
f:\pushstream\pushstream\x64\debug\row_win.obj
f:\pushstream\pushstream\x64\debug\scale_neon64.obj
f:\pushstream\pushstream\x64\debug\dxgiscreencapture.obj
f:\pushstream\pushstream\x64\debug\buffersock.obj
f:\pushstream\pushstream\x64\debug\timer.obj
f:\pushstream\pushstream\x64\debug\uv_errno.obj
f:\pushstream\pushstream\x64\debug\framelist.obj
f:\pushstream\pushstream\x64\debug\qtopenimgdlg.obj
f:\pushstream\pushstream\x64\debug\mediasession.obj
f:\pushstream\pushstream\x64\debug\rtspconnection.obj
f:\pushstream\pushstream\x64\debug\qrc_pushstream.obj
f:\pushstream\pushstream\x64\debug\moc_qtaddsourcewidget.obj
f:\pushstream\pushstream\x64\debug\moc_qttextdlg.obj
f:\pushstream\pushstream\x64\debug\moc_volume-control.obj
f:\pushstream\pushstream\x64\debug\moc_dragresizewgt.obj
f:\pushstream\pushstream\x64\debug\moc_qtglvideowidget.obj
f:\pushstream\pushstream\x64\debug\moc_slider-ignorewheel.obj
f:\pushstream\pushstream\x64\debug\moc_qtsettingdlg.obj
f:\pushstream\pushstream\x64\debug\moc_qtopenimgdlg.obj
f:\pushstream\pushstream\x64\debug\moc_buttonsets.obj
f:\pushstream\pushstream\x64\debug\moc_pushstream.obj
f:\pushstream\pushstream\x64\debug\moc_qtaudiofilterdlg.obj
f:\pushstream\pushstream\x64\debug\moc_qtbasetitlemovewidget.obj
f:\pushstream\pushstream\x64\debug\moc_mute-checkbox.obj
f:\pushstream\pushstream\x64\debug\moc_qtbasetitlewidget.obj
f:\pushstream\pushstream\x64\debug\moc_amixwidget.obj
f:\pushstream\pushstream\x64\debug\moc_selcamwidget.obj
f:\pushstream\pushstream\x64\debug\main.obj
f:\pushstream\pushstream\x64\debug\pushstream.obj
f:\pushstream\pushstream\x64\debug\rtmpconnection.obj
f:\pushstream\pushstream\x64\debug\rtmpchunk.obj
f:\pushstream\pushstream\x64\debug\rtmppublisher.obj
f:\pushstream\pushstream\x64\debug\rtmpclient.obj
f:\pushstream\pushstream\x64\debug\rtmphandshake.obj
f:\pushstream\pushstream\x64\debug\rtmpsession.obj
f:\pushstream\x64\debug\pushstream.exe
f:\pushstream\x64\debug\pushstream.pdb
f:\pushstream\pushstream\x64\debug\qt\moc\moc_pushstream.cpp
f:\pushstream\pushstream\x64\debug\qt\moc\moc_mute-checkbox.cpp
f:\pushstream\pushstream\x64\debug\qt\moc\moc_qtaddsourcewidget.cpp
f:\pushstream\pushstream\x64\debug\qt\moc\moc_qttextdlg.cpp
f:\pushstream\pushstream\x64\debug\qt\moc\moc_qtaudiofilterdlg.cpp
f:\pushstream\pushstream\x64\debug\qt\moc\moc_qtopenimgdlg.cpp
f:\pushstream\pushstream\x64\debug\qt\moc\moc_qtsettingdlg.cpp
f:\pushstream\pushstream\x64\debug\qt\moc\moc_slider-ignorewheel.cpp
f:\pushstream\pushstream\x64\debug\qt\moc\moc_volume-control.cpp
f:\pushstream\pushstream\x64\debug\qt\moc\moc_dragresizewgt.cpp
f:\pushstream\pushstream\x64\debug\qt\moc\moc_qtbasetitlemovewidget.cpp
f:\pushstream\pushstream\x64\debug\qt\moc\moc_qtbasetitlewidget.cpp
f:\pushstream\pushstream\x64\debug\qt\moc\moc_qtglvideowidget.cpp
f:\pushstream\pushstream\x64\debug\qt\moc\moc_selcamwidget.cpp
f:\pushstream\pushstream\x64\debug\qt\moc\moc_amixwidget.cpp
f:\pushstream\pushstream\x64\debug\qt\moc\moc_buttonsets.cpp
f:\pushstream\pushstream\x64\debug\qt\rcc\qrc_pushstream.cpp
f:\pushstream\x64\debug\pushstream.ilk
f:\pushstream\pushstream\x64\debug\pushstream.tlog\cl.command.1.tlog
f:\pushstream\pushstream\x64\debug\pushstream.tlog\cl.items.tlog
f:\pushstream\pushstream\x64\debug\pushstream.tlog\cl.read.1.tlog
f:\pushstream\pushstream\x64\debug\pushstream.tlog\cl.write.1.tlog
f:\pushstream\pushstream\x64\debug\pushstream.tlog\link.command.1.tlog
f:\pushstream\pushstream\x64\debug\pushstream.tlog\link.read.1.tlog
f:\pushstream\pushstream\x64\debug\pushstream.tlog\link.secondary.1.tlog
f:\pushstream\pushstream\x64\debug\pushstream.tlog\link.write.1.tlog
f:\pushstream\pushstream\x64\debug\pushstream.tlog\moc.read.1u.tlog
f:\pushstream\pushstream\x64\debug\pushstream.tlog\moc.write.1u.tlog
f:\pushstream\pushstream\x64\debug\pushstream.tlog\pushstream.write.1u.tlog
f:\pushstream\pushstream\x64\debug\pushstream.tlog\rcc.read.1u.tlog
f:\pushstream\pushstream\x64\debug\pushstream.tlog\rcc.write.1u.tlog
