f:\pushstream\libd\libspeexdsp.pdb
f:\pushstream\speexdsp-master\win32\vs2008\libspeexdsp\x64\debug\smallft.obj
f:\pushstream\speexdsp-master\win32\vs2008\libspeexdsp\x64\debug\scal.obj
f:\pushstream\speexdsp-master\win32\vs2008\libspeexdsp\x64\debug\resample.obj
f:\pushstream\speexdsp-master\win32\vs2008\libspeexdsp\x64\debug\preprocess.obj
f:\pushstream\speexdsp-master\win32\vs2008\libspeexdsp\x64\debug\mdf.obj
f:\pushstream\speexdsp-master\win32\vs2008\libspeexdsp\x64\debug\kiss_fftr.obj
f:\pushstream\speexdsp-master\win32\vs2008\libspeexdsp\x64\debug\kiss_fft.obj
f:\pushstream\speexdsp-master\win32\vs2008\libspeexdsp\x64\debug\jitter.obj
f:\pushstream\speexdsp-master\win32\vs2008\libspeexdsp\x64\debug\filterbank.obj
f:\pushstream\speexdsp-master\win32\vs2008\libspeexdsp\x64\debug\fftwrap.obj
f:\pushstream\speexdsp-master\win32\vs2008\libspeexdsp\x64\debug\buffer.obj
f:\pushstream\libd\libspeexdsp.lib
f:\pushstream\speexdsp-master\win32\vs2008\libspeexdsp\x64\debug\libspeexdsp.tlog\cl.command.1.tlog
f:\pushstream\speexdsp-master\win32\vs2008\libspeexdsp\x64\debug\libspeexdsp.tlog\cl.items.tlog
f:\pushstream\speexdsp-master\win32\vs2008\libspeexdsp\x64\debug\libspeexdsp.tlog\cl.read.1.tlog
f:\pushstream\speexdsp-master\win32\vs2008\libspeexdsp\x64\debug\libspeexdsp.tlog\cl.write.1.tlog
f:\pushstream\speexdsp-master\win32\vs2008\libspeexdsp\x64\debug\libspeexdsp.tlog\lib-link.read.1.tlog
f:\pushstream\speexdsp-master\win32\vs2008\libspeexdsp\x64\debug\libspeexdsp.tlog\lib-link.write.1.tlog
f:\pushstream\speexdsp-master\win32\vs2008\libspeexdsp\x64\debug\libspeexdsp.tlog\lib.command.1.tlog
