f:\pushstream\lib\libspeexdsp.pdb
f:\pushstream\speexdsp-master\win32\vs2008\libspeexdsp\x64\release\smallft.obj
f:\pushstream\speexdsp-master\win32\vs2008\libspeexdsp\x64\release\scal.obj
f:\pushstream\speexdsp-master\win32\vs2008\libspeexdsp\x64\release\resample.obj
f:\pushstream\speexdsp-master\win32\vs2008\libspeexdsp\x64\release\preprocess.obj
f:\pushstream\speexdsp-master\win32\vs2008\libspeexdsp\x64\release\mdf.obj
f:\pushstream\speexdsp-master\win32\vs2008\libspeexdsp\x64\release\kiss_fftr.obj
f:\pushstream\speexdsp-master\win32\vs2008\libspeexdsp\x64\release\kiss_fft.obj
f:\pushstream\speexdsp-master\win32\vs2008\libspeexdsp\x64\release\jitter.obj
f:\pushstream\speexdsp-master\win32\vs2008\libspeexdsp\x64\release\filterbank.obj
f:\pushstream\speexdsp-master\win32\vs2008\libspeexdsp\x64\release\fftwrap.obj
f:\pushstream\speexdsp-master\win32\vs2008\libspeexdsp\x64\release\buffer.obj
f:\pushstream\lib\libspeexdsp.lib
f:\pushstream\speexdsp-master\win32\vs2008\libspeexdsp\x64\release\libspeexdsp.tlog\cl.command.1.tlog
f:\pushstream\speexdsp-master\win32\vs2008\libspeexdsp\x64\release\libspeexdsp.tlog\cl.items.tlog
f:\pushstream\speexdsp-master\win32\vs2008\libspeexdsp\x64\release\libspeexdsp.tlog\cl.read.1.tlog
f:\pushstream\speexdsp-master\win32\vs2008\libspeexdsp\x64\release\libspeexdsp.tlog\cl.write.1.tlog
f:\pushstream\speexdsp-master\win32\vs2008\libspeexdsp\x64\release\libspeexdsp.tlog\lib-link.read.1.tlog
f:\pushstream\speexdsp-master\win32\vs2008\libspeexdsp\x64\release\libspeexdsp.tlog\lib-link.write.1.tlog
f:\pushstream\speexdsp-master\win32\vs2008\libspeexdsp\x64\release\libspeexdsp.tlog\lib.command.1.tlog
