f:\pushstream\pushstream\x64\release\qtdrawframebuffer.obj
f:\pushstream\pushstream\x64\release\openimg.obj
f:\pushstream\pushstream\x64\release\main.obj
f:\pushstream\pushstream\x64\release\rendercamerawidget.obj
f:\pushstream\pushstream\x64\release\qttextdlg.obj
f:\pushstream\pushstream\x64\release\calcgldraw.obj
f:\pushstream\pushstream\x64\release\gldrawtext.obj
f:\pushstream\pushstream\x64\release\gentextimage.obj
f:\pushstream\pushstream\x64\release\camera.obj
f:\pushstream\pushstream\x64\release\gldrawcamera.obj
f:\pushstream\pushstream\x64\release\qtaddsourcewidget.obj
f:\pushstream\pushstream\x64\release\selcamwidget.obj
f:\pushstream\pushstream\x64\release\qtopenimgdlg.obj
f:\pushstream\pushstream\x64\release\qtresizedrawframebuffer.obj
f:\pushstream\pushstream\x64\release\pushstream.obj
f:\pushstream\pushstream\x64\release\moc_qtopenimgdlg.obj
f:\pushstream\pushstream\x64\release\moc_pushstream.obj
f:\pushstream\pushstream\x64\release\moc_qttextdlg.obj
f:\pushstream\pushstream\x64\release\cencode.obj
f:\pushstream\pushstream\x64\release\cencodehelp.obj
f:\pushstream\pushstream\x64\release\volume-control.obj
f:\pushstream\pushstream\x64\release\caudioframecast.obj
f:\pushstream\pushstream\x64\release\amixwidget.obj
f:\pushstream\pushstream\x64\release\qtaudiofilterdlg.obj
f:\pushstream\pushstream\x64\release\qtaudioseldlg.obj
f:\pushstream\pushstream\x64\release\audiopeakmagnitudecalc.obj
f:\pushstream\pushstream\x64\release\moc_amixwidget.obj
f:\pushstream\pushstream\x64\release\moc_volume-control.obj
f:\pushstream\pushstream\x64\release\bufferwriter.obj
f:\pushstream\pushstream\x64\release\h264source.obj
f:\pushstream\pushstream\x64\release\rtmpconnection.obj
f:\pushstream\pushstream\x64\release\tcpserver.obj
f:\pushstream\pushstream\x64\release\util.obj
f:\pushstream\pushstream\x64\release\cfileencoder.obj
f:\pushstream\pushstream\x64\release\speexdenoise.obj
f:\pushstream\pushstream\x64\release\windowhelper.obj
f:\pushstream\pushstream\x64\release\digestauthentication.obj
f:\pushstream\pushstream\x64\release\rtpconnection.obj
f:\pushstream\pushstream\x64\release\sockutil.obj
f:\pushstream\pushstream\x64\release\logger.obj
f:\pushstream\pushstream\x64\release\udpserver.obj
f:\pushstream\pushstream\x64\release\row_mips.obj
f:\pushstream\pushstream\x64\release\scale_argb.obj
f:\pushstream\pushstream\x64\release\scale_neon64.obj
f:\pushstream\pushstream\x64\release\buffer.obj
f:\pushstream\pushstream\x64\release\taskexecutor.obj
f:\pushstream\pushstream\x64\release\dragresizewgt.obj
f:\pushstream\pushstream\x64\release\slider-ignorewheel.obj
f:\pushstream\pushstream\x64\release\platform.obj
f:\pushstream\pushstream\x64\release\filter.obj
f:\pushstream\pushstream\x64\release\dummy.obj
f:\pushstream\pushstream\x64\release\rtspmessage.obj
f:\pushstream\pushstream\x64\release\buffersock.obj
f:\pushstream\pushstream\x64\release\workthreadpool.obj
f:\pushstream\pushstream\x64\release\avhwdevicebuffer.obj
f:\pushstream\pushstream\x64\release\buttonsets.obj
f:\pushstream\pushstream\x64\release\cselcodec.obj
f:\pushstream\pushstream\x64\release\filterbase.obj
f:\pushstream\pushstream\x64\release\compare.obj
f:\pushstream\pushstream\x64\release\compare_common.obj
f:\pushstream\pushstream\x64\release\compare_gcc.obj
f:\pushstream\pushstream\x64\release\compare_neon.obj
f:\pushstream\pushstream\x64\release\compare_neon64.obj
f:\pushstream\pushstream\x64\release\convert.obj
f:\pushstream\pushstream\x64\release\convert_from.obj
f:\pushstream\pushstream\x64\release\convert_to_argb.obj
f:\pushstream\pushstream\x64\release\mjpeg_validate.obj
f:\pushstream\pushstream\x64\release\rotate.obj
f:\pushstream\pushstream\x64\release\rotate_neon64.obj
f:\pushstream\pushstream\x64\release\row_neon64.obj
f:\pushstream\pushstream\x64\release\scale_gcc.obj
f:\pushstream\pushstream\x64\release\timestamp.obj
f:\pushstream\pushstream\x64\release\pipe.obj
f:\pushstream\pushstream\x64\release\sqlpool.obj
f:\pushstream\pushstream\x64\release\sslbox.obj
f:\pushstream\pushstream\x64\release\qtglvideowidget.obj
f:\pushstream\pushstream\x64\release\videoframefilter.obj
f:\pushstream\pushstream\x64\release\cvideoencoder.obj
f:\pushstream\pushstream\x64\release\scale_win.obj
f:\pushstream\pushstream\x64\release\timer.obj
f:\pushstream\pushstream\x64\release\aacencoder.obj
f:\pushstream\pushstream\x64\release\resizeglwidget.obj
f:\pushstream\pushstream\x64\release\rnnoisedenoise.obj
f:\pushstream\pushstream\x64\release\utilfun.obj
f:\pushstream\pushstream\x64\release\convert_to_i420.obj
f:\pushstream\pushstream\x64\release\rotate_argb.obj
f:\pushstream\pushstream\x64\release\rotate_neon.obj
f:\pushstream\pushstream\x64\release\row_neon.obj
f:\pushstream\pushstream\x64\release\scale.obj
f:\pushstream\pushstream\x64\release\rnnoisehelp.obj
f:\pushstream\pushstream\x64\release\rtmphandshake.obj
f:\pushstream\pushstream\x64\release\rtsppusher.obj
f:\pushstream\pushstream\x64\release\base64.obj
f:\pushstream\pushstream\x64\release\local_time.obj
f:\pushstream\pushstream\x64\release\md5.obj
f:\pushstream\pushstream\x64\release\uv_errno.obj
f:\pushstream\pushstream\x64\release\h264encoder.obj
f:\pushstream\pushstream\x64\release\qtscrollwidget.obj
f:\pushstream\pushstream\x64\release\some_util_fun.obj
f:\pushstream\pushstream\x64\release\obs-audio-controls.obj
f:\pushstream\pushstream\x64\release\utilencoder.obj
f:\pushstream\pushstream\x64\release\mixerbase.obj
f:\pushstream\pushstream\x64\release\amf.obj
f:\pushstream\pushstream\x64\release\rtmpchunk.obj
f:\pushstream\pushstream\x64\release\rtmpsession.obj
f:\pushstream\pushstream\x64\release\tcpclient.obj
f:\pushstream\pushstream\x64\release\sha1.obj
f:\pushstream\pushstream\x64\release\framelist.obj
f:\pushstream\pushstream\x64\release\qtbasetitlemovewidget.obj
f:\pushstream\pushstream\x64\release\cmediaoption.obj
f:\pushstream\pushstream\x64\release\videomixer.obj
f:\pushstream\pushstream\x64\release\mediasession.obj
f:\pushstream\pushstream\x64\release\timer1.obj
f:\pushstream\pushstream\x64\release\eventpoller.obj
f:\pushstream\pushstream\x64\release\strptime_win.obj
f:\pushstream\pushstream\x64\release\aacencoderpushstream.obj
f:\pushstream\pushstream\x64\release\h264encoderpushstream.obj
f:\pushstream\pushstream\x64\release\qtsettingdlg.obj
f:\pushstream\pushstream\x64\release\encodebase.obj
f:\pushstream\pushstream\x64\release\mjpeg_decoder.obj
f:\pushstream\pushstream\x64\release\planar_functions.obj
f:\pushstream\pushstream\x64\release\row_gcc.obj
f:\pushstream\pushstream\x64\release\row_win.obj
f:\pushstream\pushstream\x64\release\scale_neon.obj
f:\pushstream\pushstream\x64\release\cencoderopt.obj
f:\pushstream\pushstream\x64\release\videofilter.obj
f:\pushstream\pushstream\x64\release\compare_win.obj
f:\pushstream\pushstream\x64\release\convert_argb.obj
f:\pushstream\pushstream\x64\release\convert_from_argb.obj
f:\pushstream\pushstream\x64\release\convert_jpeg.obj
f:\pushstream\pushstream\x64\release\cpu_id.obj
f:\pushstream\pushstream\x64\release\rotate_mips.obj
f:\pushstream\pushstream\x64\release\row_any.obj
f:\pushstream\pushstream\x64\release\scale_any.obj
f:\pushstream\pushstream\x64\release\scale_mips.obj
f:\pushstream\pushstream\x64\release\video_common.obj
f:\pushstream\pushstream\x64\release\dxgiscreencapture.obj
f:\pushstream\pushstream\x64\release\rtspconnection.obj
f:\pushstream\pushstream\x64\release\pipewrap.obj
f:\pushstream\pushstream\x64\release\noticecenter.obj
f:\pushstream\pushstream\x64\release\aacsource.obj
f:\pushstream\pushstream\x64\release\h264parser.obj
f:\pushstream\pushstream\x64\release\h265source.obj
f:\pushstream\pushstream\x64\release\rtmppublisher.obj
f:\pushstream\pushstream\x64\release\socket.obj
f:\pushstream\pushstream\x64\release\sslutil.obj
f:\pushstream\pushstream\x64\release\caudioencoder.obj
f:\pushstream\pushstream\x64\release\row_common.obj
f:\pushstream\pushstream\x64\release\session.obj
f:\pushstream\pushstream\x64\release\file.obj
f:\pushstream\pushstream\x64\release\imageconvert.obj
f:\pushstream\pushstream\x64\release\caudioframecastts.obj
f:\pushstream\pushstream\x64\release\scale_common.obj
f:\pushstream\pushstream\x64\release\selectwrap.obj
f:\pushstream\pushstream\x64\release\mini.obj
f:\pushstream\pushstream\x64\release\pictoyuv.obj
f:\pushstream\pushstream\x64\release\slider-absoluteset-style.obj
f:\pushstream\pushstream\x64\release\audiomixer.obj
f:\pushstream\pushstream\x64\release\bufferreader.obj
f:\pushstream\pushstream\x64\release\g711asource.obj
f:\pushstream\pushstream\x64\release\rtmpclient.obj
f:\pushstream\pushstream\x64\release\server.obj
f:\pushstream\pushstream\x64\release\cmd.obj
f:\pushstream\pushstream\x64\release\qtbasetitlewidget.obj
f:\pushstream\pushstream\x64\release\getopt.obj
f:\pushstream\pushstream\x64\release\qrc_pushstream.obj
f:\pushstream\pushstream\x64\release\moc_qtaddsourcewidget.obj
f:\pushstream\pushstream\x64\release\moc_dragresizewgt.obj
f:\pushstream\pushstream\x64\release\moc_qtsettingdlg.obj
f:\pushstream\pushstream\x64\release\moc_mute-checkbox.obj
f:\pushstream\pushstream\x64\release\moc_selcamwidget.obj
f:\pushstream\pushstream\x64\release\moc_qtbasetitlewidget.obj
f:\pushstream\pushstream\x64\release\moc_buttonsets.obj
f:\pushstream\pushstream\x64\release\moc_qtbasetitlemovewidget.obj
f:\pushstream\pushstream\x64\release\moc_slider-ignorewheel.obj
f:\pushstream\pushstream\x64\release\moc_qtaudiofilterdlg.obj
f:\pushstream\pushstream\x64\release\moc_qtglvideowidget.obj
f:\pushstream\x64\release\pushstream.exe
f:\pushstream\pushstream\x64\release\qt\moc\moc_pushstream.cpp
f:\pushstream\pushstream\x64\release\qt\moc\moc_qttextdlg.cpp
f:\pushstream\pushstream\x64\release\qt\moc\moc_qtopenimgdlg.cpp
f:\pushstream\pushstream\x64\release\qt\rcc\qrc_pushstream.cpp
f:\pushstream\pushstream\x64\release\qt\moc\moc_mute-checkbox.cpp
f:\pushstream\pushstream\x64\release\qt\moc\moc_qtaddsourcewidget.cpp
f:\pushstream\pushstream\x64\release\qt\moc\moc_qtaudiofilterdlg.cpp
f:\pushstream\pushstream\x64\release\qt\moc\moc_qtsettingdlg.cpp
f:\pushstream\pushstream\x64\release\qt\moc\moc_slider-ignorewheel.cpp
f:\pushstream\pushstream\x64\release\qt\moc\moc_volume-control.cpp
f:\pushstream\pushstream\x64\release\qt\moc\moc_dragresizewgt.cpp
f:\pushstream\pushstream\x64\release\qt\moc\moc_qtbasetitlemovewidget.cpp
f:\pushstream\pushstream\x64\release\qt\moc\moc_qtbasetitlewidget.cpp
f:\pushstream\pushstream\x64\release\qt\moc\moc_qtglvideowidget.cpp
f:\pushstream\pushstream\x64\release\qt\moc\moc_selcamwidget.cpp
f:\pushstream\pushstream\x64\release\qt\moc\moc_amixwidget.cpp
f:\pushstream\pushstream\x64\release\qt\moc\moc_buttonsets.cpp
f:\pushstream\pushstream\x64\release\vc143.pdb
f:\pushstream\x64\release\pushstream.pdb
f:\pushstream\pushstream\x64\release\pushstream.tlog\cl.command.1.tlog
f:\pushstream\pushstream\x64\release\pushstream.tlog\cl.items.tlog
f:\pushstream\pushstream\x64\release\pushstream.tlog\cl.read.1.tlog
f:\pushstream\pushstream\x64\release\pushstream.tlog\cl.write.1.tlog
f:\pushstream\pushstream\x64\release\pushstream.tlog\link.command.1.tlog
f:\pushstream\pushstream\x64\release\pushstream.tlog\link.read.1.tlog
f:\pushstream\pushstream\x64\release\pushstream.tlog\link.secondary.1.tlog
f:\pushstream\pushstream\x64\release\pushstream.tlog\link.write.1.tlog
f:\pushstream\pushstream\x64\release\pushstream.tlog\moc.read.1u.tlog
f:\pushstream\pushstream\x64\release\pushstream.tlog\moc.write.1u.tlog
f:\pushstream\pushstream\x64\release\pushstream.tlog\pushstream.write.1u.tlog
f:\pushstream\pushstream\x64\release\pushstream.tlog\rcc.read.1u.tlog
f:\pushstream\pushstream\x64\release\pushstream.tlog\rcc.write.1u.tlog
