f:\pushstream\rnnoise\x64\release\vc143.pdb
f:\pushstream\rnnoise\x64\release\x86_dnn_map.obj
f:\pushstream\rnnoise\x64\release\x86cpu.obj
f:\pushstream\rnnoise\x64\release\nnet_sse4_1.obj
f:\pushstream\rnnoise\x64\release\nnet_avx2.obj
f:\pushstream\rnnoise\x64\release\rnnoise_tables.obj
f:\pushstream\rnnoise\x64\release\rnnoise_data.obj
f:\pushstream\rnnoise\x64\release\rnn.obj
f:\pushstream\rnnoise\x64\release\pitch.obj
f:\pushstream\rnnoise\x64\release\parse_lpcnet_weights.obj
f:\pushstream\rnnoise\x64\release\nnet_default.obj
f:\pushstream\rnnoise\x64\release\nnet.obj
f:\pushstream\rnnoise\x64\release\kiss_fft.obj
f:\pushstream\rnnoise\x64\release\denoise.obj
f:\pushstream\rnnoise\x64\release\celt_lpc.obj
f:\pushstream\x64\release\rnnoise.dll
f:\pushstream\x64\release\rnnoise.pdb
f:\pushstream\lib\rnnoise.lib
f:\pushstream\lib\rnnoise.exp
f:\pushstream\rnnoise\x64\release\rnnoise.ipdb
f:\pushstream\rnnoise\x64\release\rnnoise.iobj
f:\pushstream\rnnoise\x64\release\rnnoise.tlog\cl.command.1.tlog
f:\pushstream\rnnoise\x64\release\rnnoise.tlog\cl.items.tlog
f:\pushstream\rnnoise\x64\release\rnnoise.tlog\cl.read.1.tlog
f:\pushstream\rnnoise\x64\release\rnnoise.tlog\cl.write.1.tlog
f:\pushstream\rnnoise\x64\release\rnnoise.tlog\link.command.1.tlog
f:\pushstream\rnnoise\x64\release\rnnoise.tlog\link.read.1.tlog
f:\pushstream\rnnoise\x64\release\rnnoise.tlog\link.secondary.1.tlog
f:\pushstream\rnnoise\x64\release\rnnoise.tlog\link.write.1.tlog
