f:\pushstream\rnnoise\x64\debug\vc143.pdb
f:\pushstream\rnnoise\x64\debug\vc143.idb
f:\pushstream\rnnoise\x64\debug\x86_dnn_map.obj
f:\pushstream\rnnoise\x64\debug\x86cpu.obj
f:\pushstream\rnnoise\x64\debug\nnet_sse4_1.obj
f:\pushstream\rnnoise\x64\debug\nnet_avx2.obj
f:\pushstream\rnnoise\x64\debug\rnnoise_tables.obj
f:\pushstream\rnnoise\x64\debug\rnnoise_data.obj
f:\pushstream\rnnoise\x64\debug\rnn.obj
f:\pushstream\rnnoise\x64\debug\pitch.obj
f:\pushstream\rnnoise\x64\debug\parse_lpcnet_weights.obj
f:\pushstream\rnnoise\x64\debug\nnet_default.obj
f:\pushstream\rnnoise\x64\debug\nnet.obj
f:\pushstream\rnnoise\x64\debug\kiss_fft.obj
f:\pushstream\rnnoise\x64\debug\denoise.obj
f:\pushstream\rnnoise\x64\debug\celt_lpc.obj
f:\pushstream\x64\debug\rnnoise.dll
f:\pushstream\x64\debug\rnnoise.pdb
f:\pushstream\libd\rnnoise.lib
f:\pushstream\libd\rnnoise.exp
f:\pushstream\rnnoise\x64\debug\rnnoise.ilk
f:\pushstream\rnnoise\x64\debug\rnnoise.tlog\cl.command.1.tlog
f:\pushstream\rnnoise\x64\debug\rnnoise.tlog\cl.items.tlog
f:\pushstream\rnnoise\x64\debug\rnnoise.tlog\cl.read.1.tlog
f:\pushstream\rnnoise\x64\debug\rnnoise.tlog\cl.write.1.tlog
f:\pushstream\rnnoise\x64\debug\rnnoise.tlog\link.command.1.tlog
f:\pushstream\rnnoise\x64\debug\rnnoise.tlog\link.read.1.tlog
f:\pushstream\rnnoise\x64\debug\rnnoise.tlog\link.secondary.1.tlog
f:\pushstream\rnnoise\x64\debug\rnnoise.tlog\link.write.1.tlog
